Performing C SOURCE FILE Test CMAKE_HAVE_LIBC_PTHREAD failed with the following output:
Change Dir: /home/alesm512/ABB_New_Msc/src/abb/CMakeFiles/CMakeTmp

Run Build Command(s):/usr/bin/make -f Makefile cmTC_41e48/fast && /usr/bin/make  -f CMakeFiles/cmTC_41e48.dir/build.make CMakeFiles/cmTC_41e48.dir/build
make[1]: Går till katalogen ”/home/alesm512/ABB_New_Msc/src/abb/CMakeFiles/CMakeTmp”
Building C object CMakeFiles/cmTC_41e48.dir/src.c.o
/usr/bin/cc -DCMAKE_HAVE_LIBC_PTHREAD   -o CMakeFiles/cmTC_41e48.dir/src.c.o -c /home/alesm512/ABB_New_Msc/src/abb/CMakeFiles/CMakeTmp/src.c
Linking C executable cmTC_41e48
/usr/local/bin/cmake -E cmake_link_script CMakeFiles/cmTC_41e48.dir/link.txt --verbose=1
/usr/bin/cc -rdynamic CMakeFiles/cmTC_41e48.dir/src.c.o -o cmTC_41e48 
/usr/bin/ld: CMakeFiles/cmTC_41e48.dir/src.c.o: in function `main':
src.c:(.text+0x46): undefined reference to `pthread_create'
/usr/bin/ld: src.c:(.text+0x52): undefined reference to `pthread_detach'
/usr/bin/ld: src.c:(.text+0x5e): undefined reference to `pthread_cancel'
/usr/bin/ld: src.c:(.text+0x6f): undefined reference to `pthread_join'
collect2: error: ld returned 1 exit status
make[1]: *** [CMakeFiles/cmTC_41e48.dir/build.make:99: cmTC_41e48] Fel 1
make[1]: Lämnar katalogen ”/home/alesm512/ABB_New_Msc/src/abb/CMakeFiles/CMakeTmp”
make: *** [Makefile:127: cmTC_41e48/fast] Fel 2


Source file was:
#include <pthread.h>

static void* test_func(void* data)
{
  return data;
}

int main(void)
{
  pthread_t thread;
  pthread_create(&thread, NULL, test_func, NULL);
  pthread_detach(thread);
  pthread_cancel(thread);
  pthread_join(thread, NULL);
  pthread_atfork(NULL, NULL, NULL);
  pthread_exit(NULL);

  return 0;
}

Determining if the function pthread_create exists in the pthreads failed with the following output:
Change Dir: /home/alesm512/ABB_New_Msc/src/abb/CMakeFiles/CMakeTmp

Run Build Command(s):/usr/bin/make -f Makefile cmTC_d2735/fast && /usr/bin/make  -f CMakeFiles/cmTC_d2735.dir/build.make CMakeFiles/cmTC_d2735.dir/build
make[1]: Går till katalogen ”/home/alesm512/ABB_New_Msc/src/abb/CMakeFiles/CMakeTmp”
Building C object CMakeFiles/cmTC_d2735.dir/CheckFunctionExists.c.o
/usr/bin/cc   -DCHECK_FUNCTION_EXISTS=pthread_create -o CMakeFiles/cmTC_d2735.dir/CheckFunctionExists.c.o -c /usr/local/share/cmake-3.20/Modules/CheckFunctionExists.c
Linking C executable cmTC_d2735
/usr/local/bin/cmake -E cmake_link_script CMakeFiles/cmTC_d2735.dir/link.txt --verbose=1
/usr/bin/cc  -DCHECK_FUNCTION_EXISTS=pthread_create -rdynamic CMakeFiles/cmTC_d2735.dir/CheckFunctionExists.c.o -o cmTC_d2735  -lpthreads 
/usr/bin/ld: kan inte hitta -lpthreads
collect2: error: ld returned 1 exit status
make[1]: *** [CMakeFiles/cmTC_d2735.dir/build.make:99: cmTC_d2735] Fel 1
make[1]: Lämnar katalogen ”/home/alesm512/ABB_New_Msc/src/abb/CMakeFiles/CMakeTmp”
make: *** [Makefile:127: cmTC_d2735/fast] Fel 2



